[20:53:44] [main/INFO]: Loading Minecraft 1.21.1 with Fabric Loader 0.16.10
[20:53:45] [main/WARN]: Warnings were found!
 - Mod 'Forge Config API Port' (forgeconfigapiport) 21.1.1 recommends any version of modmenu, which is missing!
	 - You should install any version of modmenu for the optimal experience.
[20:53:45] [main/INFO]: Loading 84 mods:
	- architectury 13.0.8
	- artifacts 12.0.6
	   |-- cardinal-components-base 6.1.0
	   |-- cardinal-components-entity 6.1.0
	   |-- com_electronwill_night-config_core 3.8.0
	   |-- com_electronwill_night-config_toml 3.8.0
	   \-- expandability 12.0.0
	- balm-fabric 21.0.31
	   \-- kuma_api 21.0.5-SNAPSHOT
	- biomesoplenty 21.1.0.8
	- cloth-config 15.0.140
	   \-- cloth-basic-math 0.6.1
	- elytraslot 9.0.1+1.21.1
	- fabric-api 0.115.1+1.21.1
	   |-- fabric-api-base 0.4.42+6573ed8c19
	   |-- fabric-api-lookup-api-v1 1.6.70+b559734419
	   |-- fabric-biome-api-v1 13.0.31+d527f9fd19
	   |-- fabric-block-api-v1 1.0.22+0af3f5a719
	   |-- fabric-block-view-api-v2 1.0.10+6573ed8c19
	   |-- fabric-blockrenderlayer-v1 1.1.52+0af3f5a719
	   |-- fabric-client-tags-api-v1 1.1.15+6573ed8c19
	   |-- fabric-command-api-v1 1.2.49+f71b366f19
	   |-- fabric-command-api-v2 2.2.28+6ced4dd919
	   |-- fabric-commands-v0 0.2.66+df3654b319
	   |-- fabric-content-registries-v0 8.0.18+b559734419
	   |-- fabric-convention-tags-v1 2.1.3+7f945d5b19
	   |-- fabric-convention-tags-v2 2.10.0+9465b64419
	   |-- fabric-crash-report-info-v1 0.2.29+0af3f5a719
	   |-- fabric-data-attachment-api-v1 1.4.1+9ed317f519
	   |-- fabric-data-generation-api-v1 20.2.26+16c4ae2519
	   |-- fabric-dimensions-v1 4.0.0+6fc22b9919
	   |-- fabric-entity-events-v1 1.7.0+2122d82819
	   |-- fabric-events-interaction-v0 0.7.13+ba9dae0619
	   |-- fabric-game-rule-api-v1 1.0.53+6ced4dd919
	   |-- fabric-item-api-v1 11.1.1+d5debaed19
	   |-- fabric-item-group-api-v1 4.1.6+6823f7cd19
	   |-- fabric-key-binding-api-v1 1.0.47+0af3f5a719
	   |-- fabric-keybindings-v0 0.2.45+df3654b319
	   |-- fabric-lifecycle-events-v1 2.5.0+01d9a51c19
	   |-- fabric-loot-api-v2 3.0.15+3f89f5a519
	   |-- fabric-loot-api-v3 1.0.3+3f89f5a519
	   |-- fabric-message-api-v1 6.0.13+6573ed8c19
	   |-- fabric-model-loading-api-v1 2.0.0+fe474d6b19
	   |-- fabric-networking-api-v1 4.3.0+c7469b2119
	   |-- fabric-object-builder-api-v1 15.2.1+40875a9319
	   |-- fabric-particles-v1 4.0.2+6573ed8c19
	   |-- fabric-recipe-api-v1 5.0.14+248df81c19
	   |-- fabric-registry-sync-v0 5.2.0+34f5d91419
	   |-- fabric-renderer-api-v1 3.4.0+c705a49c19
	   |-- fabric-renderer-indigo 1.7.0+c705a49c19
	   |-- fabric-renderer-registries-v1 3.2.68+df3654b319
	   |-- fabric-rendering-data-attachment-v1 0.3.48+73761d2e19
	   |-- fabric-rendering-fluids-v1 3.1.6+1daea21519
	   |-- fabric-rendering-v0 1.1.71+df3654b319
	   |-- fabric-rendering-v1 5.0.5+df16efd019
	   |-- fabric-resource-conditions-api-v1 4.3.0+8dc279b119
	   |-- fabric-resource-loader-v0 1.3.1+5b5275af19
	   |-- fabric-screen-api-v1 2.0.25+8b68f1c719
	   |-- fabric-screen-handler-api-v1 1.3.88+b559734419
	   |-- fabric-sound-api-v1 1.0.23+6573ed8c19
	   |-- fabric-transfer-api-v1 5.4.2+c24bd99419
	   \-- fabric-transitive-access-wideners-v1 6.2.0+45b9699719
	- fabricloader 0.16.10
	- ferritecore 7.0.2-hotfix
	- ftblibrary 2101.1.12
	- ftbultimine 2101.1.1
	- glitchcore 2.1.0.0
	   \-- net_jodah_typetools 0.6.3
	- java 21
	- lithium 0.15.0+mc1.21.1
	- minecraft 1.21.1
	- modernfix 5.20.2+mc1.21.1
	- morevillagers 5.1.0
	- notenoughanimations 1.9.2
	- retraining 2.0.0
	- sophisticatedbackpacks 1.21.1-3.21.1.1.82
	- sophisticatedcore 1.21.1-1.0.13.1.120
	   |-- com_electronwill_night-config_core 3.8.0
	   |-- com_electronwill_night-config_toml 3.8.0
	   |-- forgeconfigapiport 21.1.1
	   |-- mixinextras 0.5.0-beta.3
	   |-- porting_lib_conditions 3.1.0-beta.47+1.21.1
	   |-- porting_lib_core 3.1.0-beta.47+1.21.1
	   |-- porting_lib_fluids 3.1.0-beta.47+1.21.1
	   |-- porting_lib_item_abilities 3.1.0-beta.47+1.21.1
	   |-- porting_lib_lazy_registration 3.1.0-beta.47+1.21.1
	   |-- porting_lib_level_events 3.1.0-beta.47+1.21.1
	   |-- porting_lib_loot 3.1.0-beta.47+1.21.1
	   |-- porting_lib_model_loader 3.1.0-beta.47+1.21.1
	   |-- porting_lib_render_types 3.1.0-beta.47+1.21.1
	   |-- porting_lib_transfer 3.1.0-beta.47+1.21.1
	   \-- team_reborn_energy 4.1.0
	- terrablender 4.1.0.8
	- toms_storage 2.1.2
	   |-- cardinal-components-base 6.1.0
	   \-- cardinal-components-block 6.1.0
	- trinkets 3.10.0
	   |-- cardinal-components-base 6.1.0
	   \-- cardinal-components-entity 6.1.0
	- waystones 21.1.12
	- xaerominimap 25.1.0
[20:53:45] [main/INFO]: SpongePowered MIXIN Subsystem Version=0.8.7 Source=file:/workspaces/IMPORTANT-PROJECT/servidor_minecraft/libraries/net/fabricmc/sponge-mixin/0.15.4+mixin.0.8.7/sponge-mixin-0.15.4+mixin.0.8.7.jar Service=Knot/Fabric Env=SERVER
[20:53:45] [main/INFO]: Compatibility level set to JAVA_16
[20:53:45] [main/INFO]: Compatibility level set to JAVA_21
[20:53:45] [main/WARN]: Reference map 'forgeconfigapiport.common.refmap.json' for forgeconfigapiport.common.mixins.json could not be read. If this is a development environment you can ignore this message
[20:53:45] [main/WARN]: Mod 'ferritecore' attempted to override option 'mixin.alloc.blockstate', which doesn't exist, ignoring
[20:53:45] [main/INFO]: Option 'mixin.entity.collisions.fluid' requires 'mixin.util.block_tracking=true' but found 'false'. Setting 'mixin.entity.collisions.fluid=false'.
[20:53:45] [main/INFO]: Option 'mixin.experimental.entity.block_caching.block_support' requires 'mixin.util.block_tracking=true' but found 'false'. Setting 'mixin.experimental.entity.block_caching.block_support=false'.
[20:53:45] [main/INFO]: Option 'mixin.experimental.entity.block_caching.fluid_pushing' requires 'mixin.util.block_tracking=true' but found 'false'. Setting 'mixin.experimental.entity.block_caching.fluid_pushing=false'.
[20:53:45] [main/INFO]: Option 'mixin.experimental.entity.block_caching.block_touching' requires 'mixin.util.block_tracking=true' but found 'false'. Setting 'mixin.experimental.entity.block_caching.block_touching=false'.
[20:53:45] [main/INFO]: Option 'mixin.experimental.entity.block_caching.suffocation' requires 'mixin.util.block_tracking=true' but found 'false'. Setting 'mixin.experimental.entity.block_caching.suffocation=false'.
[20:53:45] [main/INFO]: Option 'mixin.experimental.entity.block_caching' requires 'mixin.util.block_tracking=true' but found 'false'. Setting 'mixin.experimental.entity.block_caching=false'.
[20:53:45] [main/INFO]: Loaded configuration file for Lithium: 149 options available, 0 override(s) found
[20:53:45] [main/INFO]: Loaded configuration file for ModernFix 5.20.2+mc1.21.1: 57 options available, 0 override(s) found
[20:53:45] [main/INFO]: Applying Nashorn fix
[20:53:45] [main/WARN]: Error loading class: net/minecraft/class_906 (java.lang.ClassNotFoundException: net/minecraft/class_906)
[20:53:45] [main/WARN]: @Mixin target net.minecraft.class_906 was not found porting_lib_item_abilities.mixins.json:FishingHookRendererMixin from mod porting_lib_item_abilities
[20:53:46] [main/WARN]: Error loading class: net/minecraft/class_638 (java.lang.ClassNotFoundException: net/minecraft/class_638)
[20:53:46] [main/WARN]: @Mixin target net.minecraft.class_638 was not found porting_lib_level_events.mixins.json:client.ClientLevelMixin from mod porting_lib_level_events
[20:53:46] [main/WARN]: Error loading class: net/fabricmc/fabric/api/client/rendering/v1/EntityModelLayerRegistry$TexturedModelDataProvider (java.lang.ClassNotFoundException: net/fabricmc/fabric/api/client/rendering/v1/EntityModelLayerRegistry$TexturedModelDataProvider)
[20:53:46] [main/INFO]: Initializing MixinExtras via com.llamalad7.mixinextras.service.MixinExtrasServiceImpl(version=0.5.0-beta.3).
[20:53:49] [main/WARN]: Method overwrite conflict for method_21740 in modernfix-common.mixins.json:perf.remove_biome_temperature_cache.BiomeMixin from mod modernfix, previously written by net.caffeinemc.mods.lithium.mixin.world.temperature_cache.BiomeMixin. Skipping method.
[20:53:53] [main/INFO]: Vanilla bootstrap took 5730 milliseconds
[20:53:53] [main/INFO]: Registering C2S receiver with id artifacts:double_jump
[20:53:53] [main/INFO]: Registering C2S receiver with id artifacts:update_swimming
[20:53:53] [main/INFO]: Registering C2S receiver with id artifacts:toggle_artifacts
[20:53:53] [main/ERROR]: No data fixer registered for artifacts:mimic
[20:53:53] [main/INFO]: ExpandAbility here, who dis?
[20:53:53] [main/INFO]: Registering C2S receiver with id ftblibrary:edit_nbt_response
[20:53:53] [main/INFO]: Registering C2S receiver with id ftblibrary:sync_config_to_server_packet
[20:53:53] [main/INFO]: Registering C2S receiver with id ftbultimine:key_pressed_packet
[20:53:53] [main/INFO]: Registering C2S receiver with id ftbultimine:mode_changed_packet
[20:53:53] [main/INFO]: Registering C2S receiver with id ftbultimine:sync_config_to_server_packet
[20:53:53] [main/ERROR]: No data fixer registered for biomesoplenty:boat
[20:53:53] [main/ERROR]: No data fixer registered for biomesoplenty:chest_boat
[20:53:53] [main/ERROR]: No data fixer registered for anomaly
[20:53:54] [main/ERROR]: No data fixer registered for 
[20:53:54] [main/INFO]: Registered region minecraft:overworld to index 0 for type OVERWORLD
[20:53:54] [main/INFO]: Registered region minecraft:nether to index 0 for type NETHER
[20:53:54] [main/INFO]: Registered region biomesoplenty:overworld_primary to index 1 for type OVERWORLD
[20:53:54] [main/INFO]: Registered region biomesoplenty:overworld_secondary to index 2 for type OVERWORLD
[20:53:54] [main/INFO]: Registered region biomesoplenty:overworld_rare to index 3 for type OVERWORLD
[20:53:54] [main/INFO]: Registered region biomesoplenty:nether_common to index 1 for type NETHER
[20:53:54] [main/INFO]: Registered region biomesoplenty:nether_rare to index 2 for type NETHER
[20:53:54] [main/INFO]: Tom's Storage Setup starting
[20:53:54] [main/INFO]: Loading Xaero's Minimap - Stage 1/2 (Server)
[20:53:54] [main/INFO]: Environment: Environment[sessionHost=https://sessionserver.mojang.com, servicesHost=https://api.minecraftservices.com, name=PROD]
[20:53:56] [main/INFO]: Loaded 1739 recipes
[20:53:56] [main/INFO]: Loaded 1841 advancements
[20:53:57] [main/WARN]: Could not decode GlobalLootModifier with json id artifacts:inject/chests/woodland_mansion - error: Unknown registry key in ResourceKey[minecraft:root / porting_lib:global_loot_modifier_serializers]: artifacts:roll_loot_table
[20:53:57] [main/WARN]: Could not decode GlobalLootModifier with json id artifacts:inject/archaeology/ocean_ruin_cold - error: Unknown registry key in ResourceKey[minecraft:root / porting_lib:global_loot_modifier_serializers]: artifacts:roll_loot_table
[20:53:57] [main/WARN]: Could not decode GlobalLootModifier with json id artifacts:inject/chests/buried_treasure - error: Unknown registry key in ResourceKey[minecraft:root / porting_lib:global_loot_modifier_serializers]: artifacts:roll_loot_table
[20:53:57] [main/WARN]: Could not decode GlobalLootModifier with json id artifacts:inject/chests/village/village_snowy_house - error: Unknown registry key in ResourceKey[minecraft:root / porting_lib:global_loot_modifier_serializers]: artifacts:roll_loot_table
[20:53:57] [main/WARN]: Could not decode GlobalLootModifier with json id artifacts:inject/chests/spawn_bonus_chest - error: Unknown registry key in ResourceKey[minecraft:root / porting_lib:global_loot_modifier_serializers]: artifacts:roll_loot_table
[20:53:57] [main/WARN]: Could not decode GlobalLootModifier with json id artifacts:inject/chests/village/village_toolsmith - error: Unknown registry key in ResourceKey[minecraft:root / porting_lib:global_loot_modifier_serializers]: artifacts:roll_loot_table
[20:53:57] [main/WARN]: Could not decode GlobalLootModifier with json id artifacts:inject/chests/desert_pyramid - error: Unknown registry key in ResourceKey[minecraft:root / porting_lib:global_loot_modifier_serializers]: artifacts:roll_loot_table
[20:53:57] [main/WARN]: Could not decode GlobalLootModifier with json id artifacts:inject/chests/end_city_treasure - error: Unknown registry key in ResourceKey[minecraft:root / porting_lib:global_loot_modifier_serializers]: artifacts:roll_loot_table
[20:53:57] [main/WARN]: Could not decode GlobalLootModifier with json id artifacts:inject/chests/village/village_taiga_house - error: Unknown registry key in ResourceKey[minecraft:root / porting_lib:global_loot_modifier_serializers]: artifacts:roll_loot_table
[20:53:57] [main/WARN]: Could not decode GlobalLootModifier with json id artifacts:inject/chests/nether_bridge - error: Unknown registry key in ResourceKey[minecraft:root / porting_lib:global_loot_modifier_serializers]: artifacts:roll_loot_table
[20:53:57] [main/WARN]: Could not decode GlobalLootModifier with json id artifacts:inject/archaeology/desert_well - error: Unknown registry key in ResourceKey[minecraft:root / porting_lib:global_loot_modifier_serializers]: artifacts:roll_loot_table
[20:53:57] [main/WARN]: Could not decode GlobalLootModifier with json id artifacts:inject/chests/pillager_outpost - error: Unknown registry key in ResourceKey[minecraft:root / porting_lib:global_loot_modifier_serializers]: artifacts:roll_loot_table
[20:53:57] [main/WARN]: Could not decode GlobalLootModifier with json id artifacts:inject/chests/shipwreck_treasure - error: Unknown registry key in ResourceKey[minecraft:root / porting_lib:global_loot_modifier_serializers]: artifacts:roll_loot_table
[20:53:57] [main/WARN]: Could not decode GlobalLootModifier with json id artifacts:inject/chests/village/village_tannery - error: Unknown registry key in ResourceKey[minecraft:root / porting_lib:global_loot_modifier_serializers]: artifacts:roll_loot_table
[20:53:57] [main/WARN]: Could not decode GlobalLootModifier with json id artifacts:inject/chests/jungle_temple - error: Unknown registry key in ResourceKey[minecraft:root / porting_lib:global_loot_modifier_serializers]: artifacts:roll_loot_table
[20:53:57] [main/WARN]: Could not decode GlobalLootModifier with json id artifacts:inject/chests/ancient_city_ice_box - error: Unknown registry key in ResourceKey[minecraft:root / porting_lib:global_loot_modifier_serializers]: artifacts:roll_loot_table
[20:53:57] [main/WARN]: Could not decode GlobalLootModifier with json id artifacts:inject/chests/bastion_hoglin_stable - error: Unknown registry key in ResourceKey[minecraft:root / porting_lib:global_loot_modifier_serializers]: artifacts:roll_loot_table
[20:53:57] [main/WARN]: Could not decode GlobalLootModifier with json id artifacts:inject/entities/cow - error: Unknown registry key in ResourceKey[minecraft:root / porting_lib:global_loot_modifier_serializers]: artifacts:roll_loot_table
[20:53:57] [main/WARN]: Could not decode GlobalLootModifier with json id artifacts:inject/chests/ancient_city - error: Unknown registry key in ResourceKey[minecraft:root / porting_lib:global_loot_modifier_serializers]: artifacts:roll_loot_table
[20:53:57] [main/WARN]: Could not decode GlobalLootModifier with json id artifacts:inject/chests/village/village_plains_house - error: Unknown registry key in ResourceKey[minecraft:root / porting_lib:global_loot_modifier_serializers]: artifacts:roll_loot_table
[20:53:57] [main/WARN]: Could not decode GlobalLootModifier with json id artifacts:inject/chests/ruined_portal - error: Unknown registry key in ResourceKey[minecraft:root / porting_lib:global_loot_modifier_serializers]: artifacts:roll_loot_table
[20:53:57] [main/WARN]: Could not decode GlobalLootModifier with json id artifacts:inject/chests/stronghold_corridor - error: Unknown registry key in ResourceKey[minecraft:root / porting_lib:global_loot_modifier_serializers]: artifacts:roll_loot_table
[20:53:57] [main/WARN]: Could not decode GlobalLootModifier with json id artifacts:inject/chests/abandoned_mineshaft - error: Unknown registry key in ResourceKey[minecraft:root / porting_lib:global_loot_modifier_serializers]: artifacts:roll_loot_table
[20:53:57] [main/WARN]: Could not decode GlobalLootModifier with json id artifacts:inject/chests/village/village_butcher - error: Unknown registry key in ResourceKey[minecraft:root / porting_lib:global_loot_modifier_serializers]: artifacts:roll_loot_table
[20:53:57] [main/WARN]: Could not decode GlobalLootModifier with json id artifacts:inject/chests/village/village_savanna_house - error: Unknown registry key in ResourceKey[minecraft:root / porting_lib:global_loot_modifier_serializers]: artifacts:roll_loot_table
[20:53:57] [main/WARN]: Could not decode GlobalLootModifier with json id artifacts:inject/chests/underwater_ruin_big - error: Unknown registry key in ResourceKey[minecraft:root / porting_lib:global_loot_modifier_serializers]: artifacts:roll_loot_table
[20:53:57] [main/WARN]: Could not decode GlobalLootModifier with json id artifacts:inject/chests/village/village_weaponsmith - error: Unknown registry key in ResourceKey[minecraft:root / porting_lib:global_loot_modifier_serializers]: artifacts:roll_loot_table
[20:53:57] [main/WARN]: Could not decode GlobalLootModifier with json id artifacts:inject/chests/igloo_chest - error: Unknown registry key in ResourceKey[minecraft:root / porting_lib:global_loot_modifier_serializers]: artifacts:roll_loot_table
[20:53:57] [main/WARN]: Could not decode GlobalLootModifier with json id artifacts:inject/chests/bastion_treasure - error: Unknown registry key in ResourceKey[minecraft:root / porting_lib:global_loot_modifier_serializers]: artifacts:roll_loot_table
[20:53:57] [main/WARN]: Could not decode GlobalLootModifier with json id artifacts:inject/archaeology/ocean_ruin_warm - error: Unknown registry key in ResourceKey[minecraft:root / porting_lib:global_loot_modifier_serializers]: artifacts:roll_loot_table
[20:53:57] [main/WARN]: Could not decode GlobalLootModifier with json id artifacts:inject/chests/village/village_armorer - error: Unknown registry key in ResourceKey[minecraft:root / porting_lib:global_loot_modifier_serializers]: artifacts:roll_loot_table
[20:53:57] [main/WARN]: Could not decode GlobalLootModifier with json id artifacts:inject/archaeology/desert_pyramid - error: Unknown registry key in ResourceKey[minecraft:root / porting_lib:global_loot_modifier_serializers]: artifacts:roll_loot_table
[20:53:57] [main/WARN]: Could not decode GlobalLootModifier with json id artifacts:inject/archaeology/trail_ruins_rare - error: Unknown registry key in ResourceKey[minecraft:root / porting_lib:global_loot_modifier_serializers]: artifacts:roll_loot_table
[20:53:57] [main/WARN]: Could not decode GlobalLootModifier with json id artifacts:inject/entities/mooshroom - error: Unknown registry key in ResourceKey[minecraft:root / porting_lib:global_loot_modifier_serializers]: artifacts:roll_loot_table
[20:53:57] [main/WARN]: Could not decode GlobalLootModifier with json id artifacts:inject/chests/village/village_temple - error: Unknown registry key in ResourceKey[minecraft:root / porting_lib:global_loot_modifier_serializers]: artifacts:roll_loot_table
[20:53:57] [main/WARN]: Could not decode GlobalLootModifier with json id artifacts:inject/chests/village/village_desert_house - error: Unknown registry key in ResourceKey[minecraft:root / porting_lib:global_loot_modifier_serializers]: artifacts:roll_loot_table
[20:53:57] [main/WARN]: Could not decode GlobalLootModifier with json id artifacts:inject/chests/simple_dungeon - error: Unknown registry key in ResourceKey[minecraft:root / porting_lib:global_loot_modifier_serializers]: artifacts:roll_loot_table
[20:53:57] [main/INFO]: Initialized TerraBlender biomes for level stem minecraft:overworld
[20:53:57] [main/INFO]: Initialized TerraBlender biomes for level stem minecraft:the_nether
[20:53:57] [main/INFO]: Applied 192 biome modifications to 132 of 134 new biomes in 82.15 ms
[20:53:57] [Server thread/INFO]: Starting minecraft server version 1.21.1
[20:53:57] [Server thread/INFO]: Loading properties
[20:53:57] [Server thread/INFO]: Default game type: SURVIVAL
[20:53:57] [Server thread/INFO]: Generating keypair
[20:53:58] [Server thread/INFO]: Starting Minecraft server on *:25565
[20:53:58] [Server thread/INFO]: Using epoll channel type
[20:53:58] [Server thread/WARN]: **** SERVER IS RUNNING IN OFFLINE/INSECURE MODE!
[20:53:58] [Server thread/WARN]: The server will make no attempt to authenticate usernames. Beware.
[20:53:58] [Server thread/WARN]: While this makes the game possible to play without internet access, it also opens up the ability for hackers to connect with any username they choose.
[20:53:58] [Server thread/WARN]: To change this, set "online-mode" to "true" in the server.properties file.
[20:53:58] [Server thread/INFO]: Preparing level "world"
[20:53:58] [Server thread/INFO]: Preparing start region for dimension minecraft:overworld
[20:53:58] [Server thread/WARN]: Method overwrite conflict for removeIf in modernfix-common.mixins.json:bugfix.paper_chunk_patches.SortedArraySetMixin from mod modernfix, previously written by net.caffeinemc.mods.lithium.mixin.collections.chunk_tickets.SortedArraySetMixin. Skipping method.
[20:53:59] [Worker-Main-3/INFO]: Preparing spawn area: 0%
[20:53:59] [Worker-Main-3/INFO]: Preparing spawn area: 0%
[20:53:59] [Server thread/INFO]: Time elapsed: 710 ms
[20:53:59] [Server thread/INFO]: Done (1.210s)! For help, type "help"
[20:53:59] [Server thread/WARN]: Dedicated server took 15.377 seconds to load
[20:53:59] [Server thread/INFO]: Loading Xaero's Minimap - Stage 2/2 (Server)
[20:53:59] [Server thread/INFO]: [STDOUT]: Lithium Cached BlockState Flags are disabled!
[20:55:05] [Server thread/INFO]: elpatomaster[/10.241.215.23:55680] logged in with entity id 69 at (36.63986212257895, 110.0, -20.75052670836312)
[20:55:05] [Server thread/INFO]: elpatomaster joined the game
[20:55:32] [Server thread/INFO]: RazlyBlaze[/10.241.224.213:57662] logged in with entity id 430 at (31.5, 120.0, -8.5)
[20:55:32] [Server thread/INFO]: RazlyBlaze joined the game
[20:55:33] [Server thread/INFO]: RazlyBlaze has made the advancement [First Village]
[20:55:33] [Server thread/INFO]: RazlyBlaze has reached the goal [Town Tourist]
[20:59:21] [Server thread/INFO]: elpatomaster has made the advancement [Stone Age]
[20:59:26] [Server thread/INFO]: elpatomaster has made the advancement [Getting an Upgrade]
[20:59:45] [Server thread/INFO]: moreracamilo[/10.241.166.48:57796] logged in with entity id 1149 at (21.851270479231395, 95.0, -26.16971958733998)
[20:59:45] [Server thread/INFO]: moreracamilo joined the game
[21:00:03] [Server thread/INFO]: RazlyBlaze was slain by moreracamilo
[21:03:07] [Server thread/WARN]: Mismatch in destroy block pos: class_2338{x=-153, y=86, z=-91} class_2338{x=-153, y=86, z=-92}
[21:03:28] [Server thread/INFO]: moreracamilo lost connection: Disconnected
[21:03:28] [Server thread/INFO]: moreracamilo left the game
[21:04:08] [Server thread/INFO]: elpatomaster has made the advancement [Sweet Dreams]
[21:04:15] [Server thread/INFO]: Unknown or incomplete command, see below for error
[21:04:15] [Server thread/INFO]: sop elpatomaster<--[HERE]
[21:04:25] [Server thread/INFO]: Made elpatomaster a server operator
[21:04:33] [Server thread/INFO]: [elpatomaster: Gamerule playersSleepingPercentage is now set to: 0]
[21:07:08] [Server thread/INFO]: RazlyBlaze has made the advancement [Stone Age]
[21:07:17] [Server thread/INFO]: RazlyBlaze has made the advancement [Getting an Upgrade]
[21:11:44] [Server thread/INFO]: elpatomaster has made the advancement [Ice Bucket Challenge]
[21:11:45] [Server thread/INFO]: elpatomaster has made the advancement [Acquire Hardware]
[21:13:22] [Server thread/INFO]: RazlyBlaze has made the advancement [Let's Get To Work]
[21:19:25] [Server thread/INFO]: elpatomaster has made the advancement [Amateur Archaeologist]
[21:24:36] [Server thread/INFO]: RazlyBlaze has made the advancement [Amateur Archaeologist]
[21:25:21] [Server thread/INFO]: RazlyBlaze has made the advancement [Ice Bucket Challenge]
[21:27:11] [Server thread/INFO]: RazlyBlaze has made the advancement [Monster Hunter]
[21:28:11] [Server thread/INFO]: RazlyBlaze has made the advancement [Acquire Hardware]
[21:28:36] [Server thread/INFO]: RazlyBlaze has made the advancement [Isn't It Iron Pick]
[21:30:45] [Server thread/INFO]: elpatomaster lost connection: Disconnected
[21:30:45] [Server thread/INFO]: elpatomaster left the game
[21:32:11] [Server thread/INFO]: elpatomaster[/10.241.215.23:58134] logged in with entity id 16525 at (-3059.9938145079095, 102.0, 141.81655726663615)
[21:32:11] [Server thread/INFO]: elpatomaster joined the game
[21:34:56] [Server thread/INFO]: RazlyBlaze was shot by Skeleton
[21:35:07] [Server thread/WARN]: Mismatch in destroy block pos: class_2338{x=0, y=0, z=0} class_2338{x=41, y=111, z=-26}
[21:35:08] [Server thread/INFO]: [Not Secure] <elpatomaster> -3105 180
[21:35:08] [Server thread/WARN]: Mismatch in destroy block pos: class_2338{x=0, y=0, z=0} class_2338{x=39, y=111, z=-25}
[21:35:17] [Server thread/WARN]: Mismatch in destroy block pos: class_2338{x=0, y=0, z=0} class_2338{x=39, y=111, z=-25}
[21:35:19] [Server thread/WARN]: Mismatch in destroy block pos: class_2338{x=0, y=0, z=0} class_2338{x=39, y=111, z=-26}
[21:35:29] [Server thread/INFO]: [Not Secure] <RazlyBlaze> anashe
[21:35:39] [Server thread/WARN]: Mismatch in destroy block pos: class_2338{x=0, y=0, z=0} class_2338{x=36, y=105, z=-21}
[21:35:39] [Server thread/WARN]: Mismatch in destroy block pos: class_2338{x=0, y=0, z=0} class_2338{x=36, y=105, z=-21}
[21:35:41] [Server thread/WARN]: Mismatch in destroy block pos: class_2338{x=0, y=0, z=0} class_2338{x=35, y=105, z=-21}
[21:35:57] [Server thread/WARN]: Mismatch in destroy block pos: class_2338{x=0, y=0, z=0} class_2338{x=17, y=89, z=-30}
[21:36:31] [Server thread/WARN]: Mismatch in destroy block pos: class_2338{x=22, y=79, z=-33} class_2338{x=24, y=78, z=-32}
[21:38:54] [Server thread/INFO]: elpatomaster has made the advancement [Not Today, Thank You]
[21:39:53] [Server thread/INFO]: RazlyBlaze has made the advancement [Sweet Dreams]
[21:56:56] [Server thread/INFO]: elpatomaster lost connection: Disconnected
[21:56:56] [Server thread/INFO]: elpatomaster left the game
[21:56:56] [Server thread/INFO]: RazlyBlaze lost connection: Disconnected
[21:56:56] [Server thread/INFO]: RazlyBlaze left the game
[21:56:59] [Server thread/INFO]: Unknown or incomplete command, see below for error
[21:56:59] [Server thread/INFO]: 	stop<--[HERE]
[21:57:02] [Server thread/INFO]: Stopping the server
[21:57:02] [Server thread/INFO]: Stopping server
[21:57:02] [Server thread/INFO]: Saving players
[21:57:02] [Server thread/INFO]: Saving worlds
[21:57:02] [Server thread/INFO]: Saving chunks for level 'ServerLevel[New World]'/minecraft:overworld
[21:57:02] [Server thread/INFO]: Saving chunks for level 'ServerLevel[New World]'/minecraft:the_end
[21:57:02] [Server thread/INFO]: Saving chunks for level 'ServerLevel[New World]'/minecraft:the_nether
[21:57:02] [Server thread/INFO]: ThreadedAnvilChunkStorage (world): All chunks are saved
[21:57:02] [Server thread/INFO]: ThreadedAnvilChunkStorage (DIM1): All chunks are saved
[21:57:02] [Server thread/INFO]: ThreadedAnvilChunkStorage (DIM-1): All chunks are saved
[21:57:02] [Server thread/INFO]: ThreadedAnvilChunkStorage: All dimensions are saved
